
__________________________________________________
Usr|slug:lwe|uNam:lwe|fNam:Larry|fNam2:Wayne|lNam:Stooge
__________________________________________________

__________________________________________________
Cmp|slug:ni|cNam:GSNI|typ:company
__________________________________________________

__________________________________________________
Cmp|slug:kirmse|cNam:Kirmse|typ:area
__________________________________________________

__________________________________________________
Cmp|slug:unit104|cNam:104|typ:unit
__________________________________________________

__________________________________________________
Cmp|slug:troop1031|cNam:1031|typ:troop
__________________________________________________

__________________________________________________
Pl|slug:atlanta-ga|city:Atlanta
__________________________________________________

__________________________________________________
Cmp|slug:ms|cNam:MS
__________________________________________________

__________________________________________________
push|Cmp.ms.tels|text:123 456 7890|typ:work
__________________________________________________

__________________________________________________
push|Cmp.ni.tels|text:123 456 7890|typ:work
__________________________________________________

__________________________________________________
push|Cmp.ni.emails|address:steve@apple.com|typ:work
__________________________________________________

__________________________________________________
set|Cmp|q:slug:ni,emails.address:steve@apple.com,emails.typ:work|emails.$.address:bill@ms.com|emails.$.typ:home
__________________________________________________

__________________________________________________
set|Cmp|q:slug:ni|cNam:New Name
__________________________________________________

__________________________________________________
add|Cmp.kirmse|Cmp.ni|area-company
__________________________________________________

__________________________________________________
add|Cmp.unit104|Cmp.kirmse|unit-area
__________________________________________________

__________________________________________________
add|Cmp.troop1031|Cmp.unit104|troop-unit
__________________________________________________

__________________________________________________
add|Cmp.ni|Pl.atlanta-ga|office
__________________________________________________

__________________________________________________
cnts|q:_c:Usr|vflds:1
__________________________________________________

__________________________________________________
cnts|q:_c:Usr|fields:fNam,lNam,_id:0
__________________________________________________

__________________________________________________
cnts|q:_c:Cmp|sorts:cNam-1
__________________________________________________

__________________________________________________
cnts|skip:2|limit:2
__________________________________________________

__________________________________________________
cnts|q:emails.address:bill@ms.com|fields:cNam,emails,_id:0|sorts:cNam-1|vflds:1|skip:0|limit:1
__________________________________________________

__________________________________________________
Usr|slug:lwe|uNam:lwe|fNam:Larry|fNam2:Wayne|lNam:Stooge
__________________________________________________

__________________________________________________
Cmp|slug:ni|cNam:GSNI|typ:company
__________________________________________________

__________________________________________________
Cmp|slug:kirmse|cNam:Kirmse|typ:area
__________________________________________________

__________________________________________________
Cmp|slug:unit104|cNam:104|typ:unit
__________________________________________________

__________________________________________________
Cmp|slug:troop1031|cNam:1031|typ:troop
__________________________________________________

__________________________________________________
Pl|slug:atlanta-ga|city:Atlanta
__________________________________________________

__________________________________________________
Cmp|slug:ms|cNam:MS
__________________________________________________

__________________________________________________
push|Cmp.ms.tels|text:123 456 7890|typ:work
__________________________________________________

__________________________________________________
push|Cmp.ni.tels|text:123 456 7890|typ:work
__________________________________________________

__________________________________________________
push|Cmp.ni.emails|address:steve@apple.com|typ:work
__________________________________________________

__________________________________________________
set|Cmp|q:slug:ni,emails.address:steve@apple.com,emails.typ:work|emails.$.address:bill@ms.com|emails.$.typ:home
__________________________________________________

__________________________________________________
set|Cmp|q:slug:ni|cNam:New Name
__________________________________________________

__________________________________________________
add|Cmp.kirmse|Cmp.ni|area-company
__________________________________________________

__________________________________________________
add|Cmp.unit104|Cmp.kirmse|unit-area
__________________________________________________

__________________________________________________
add|Cmp.troop1031|Cmp.unit104|troop-unit
__________________________________________________

__________________________________________________
add|Cmp.ni|Pl.atlanta-ga|office
__________________________________________________

__________________________________________________
cnts:1|q:_c:Usr|vflds:1
__________________________________________________

__________________________________________________
Usr|slug:lwe|uNam:lwe|fNam:Larry|fNam2:Wayne|lNam:Stooge
__________________________________________________

__________________________________________________
Cmp|slug:ni|cNam:GSNI|typ:company
__________________________________________________

__________________________________________________
Cmp|slug:kirmse|cNam:Kirmse|typ:area
__________________________________________________

__________________________________________________
Cmp|slug:unit104|cNam:104|typ:unit
__________________________________________________

__________________________________________________
Cmp|slug:troop1031|cNam:1031|typ:troop
__________________________________________________

__________________________________________________
Pl|slug:atlanta-ga|city:Atlanta
__________________________________________________

__________________________________________________
Cmp|slug:ms|cNam:MS
__________________________________________________

__________________________________________________
push|Cmp.ms.tels|text:123 456 7890|typ:work
__________________________________________________

__________________________________________________
push|Cmp.ni.tels|text:123 456 7890|typ:work
__________________________________________________

__________________________________________________
push|Cmp.ni.emails|address:steve@apple.com|typ:work
__________________________________________________

__________________________________________________
set|Cmp|q:slug:ni,emails.address:steve@apple.com,emails.typ:work|emails.$.address:bill@ms.com|emails.$.typ:home
__________________________________________________

__________________________________________________
set|Cmp|q:slug:ni|cNam:New Name
__________________________________________________

__________________________________________________
add|Cmp.kirmse|Cmp.ni|area-company
__________________________________________________

__________________________________________________
add|Cmp.unit104|Cmp.kirmse|unit-area
__________________________________________________

__________________________________________________
add|Cmp.troop1031|Cmp.unit104|troop-unit
__________________________________________________

__________________________________________________
add|Cmp.ni|Pl.atlanta-ga|office
__________________________________________________

__________________________________________________
cnts|q:pars.cls:Cmp,pars.slug:kirmse
__________________________________________________

__________________________________________________
cnts|q:pths.cls:Cmp,pths.slug:kirmse
__________________________________________________

__________________________________________________
Cmp|slug:ni|cNam:GSNI|typ:company
__________________________________________________

__________________________________________________
Cmp|slug:kirmse|cNam:Kirmse|typ:area
__________________________________________________

__________________________________________________
Cmp|slug:unit104|cNam:104|typ:unit
__________________________________________________

__________________________________________________
Cmp|slug:troop1031|cNam:1031|typ:troop
__________________________________________________

__________________________________________________
Pl|slug:atlanta-ga|city:Atlanta
__________________________________________________

__________________________________________________
Pl|slug:ny-ny|city:New York
__________________________________________________

__________________________________________________
Cmp|slug:ms|cNam:MS
__________________________________________________

__________________________________________________
push|Cmp.ms.tels|text:123 456 7890|typ:work
__________________________________________________

__________________________________________________
push|Cmp.ni.tels|text:123 456 7890|typ:work
__________________________________________________

__________________________________________________
push|Cmp.ni.emails|address:steve@apple.com|typ:work
__________________________________________________

__________________________________________________
set|Cmp|q:slug:ni,emails.address:steve@apple.com,emails.typ:work|emails.$.address:bill@ms.com|emails.$.typ:home
__________________________________________________

__________________________________________________
add|Cmp.kirmse|Cmp.ni|area-company
__________________________________________________

Cmp.kirmse
  pars
    Cmp.ni.area
  pths
    Cmp.ni.company: [Cmp.ni]


Cmp.kirmse
  pars
    Cmp.ni.area
  pths
    Cmp.ni.company: [Cmp.ni]


__________________________________________________
add|Cmp.unit104|Cmp.kirmse|unit-area
__________________________________________________

Cmp.unit104
  pars
    Cmp.kirmse.unit
  pths
    Cmp.kirmse.area: [Cmp.kirmse]
    Cmp.ni.company: [Cmp.ni,Cmp.kirmse]


__________________________________________________
add|Cmp.troop1031|Cmp.unit104|troop-unit
__________________________________________________

Cmp.troop1031
  pars
    Cmp.unit104.troop
  pths
    Cmp.unit104.unit: [Cmp.unit104]
    Cmp.kirmse.area: [Cmp.kirmse,Cmp.unit104]
    Cmp.ni.company: [Cmp.ni,Cmp.kirmse,Cmp.unit104]


__________________________________________________
add|Cmp.ni|Pl.atlanta-ga|office
__________________________________________________

Cmp.ni
  pars
    Pl.atlanta-ga.office
  pths
    Pl.atlanta-ga.office: [Pl.atlanta-ga]
  Children
    Cmp.kirmse
      Cmp.unit104
        Cmp.troop1031



Cmp.ni referenced in pths

Cmp.troop1031
  pars
    Cmp.unit104.troop
  pths
    Cmp.unit104.unit: [Cmp.unit104]
    Cmp.kirmse.area: [Cmp.kirmse,Cmp.unit104]
    Cmp.ni.company: [Cmp.ni,Cmp.kirmse,Cmp.unit104]
    Pl.atlanta-ga.office: [Pl.atlanta-ga,Cmp.ni]


Cmp.kirmse
  pars
    Cmp.ni.area
  pths
    Cmp.ni.company: [Cmp.ni]
    Pl.atlanta-ga.office: [Pl.atlanta-ga,Cmp.ni]
  Children
    Cmp.unit104
      Cmp.troop1031


Cmp.unit104
  pars
    Cmp.kirmse.unit
  pths
    Cmp.kirmse.area: [Cmp.kirmse]
    Cmp.ni.company: [Cmp.ni,Cmp.kirmse]
    Pl.atlanta-ga.office: [Pl.atlanta-ga,Cmp.ni]
  Children
    Cmp.troop1031


__________________________________________________
add|Cmp.kirmse|Pl.ny-ny|office
__________________________________________________

Cmp.kirmse
  pars
    Cmp.ni.area
    Pl.ny-ny.office
  pths
    Cmp.ni.company: [Cmp.ni]
    Pl.atlanta-ga.office: [Pl.atlanta-ga,Cmp.ni]
    Pl.ny-ny.office: [Pl.ny-ny]
  Children
    Cmp.unit104
      Cmp.troop1031



Cmp.kirmse referenced in pths

Cmp.troop1031
  pars
    Cmp.unit104.troop
  pths
    Cmp.unit104.unit: [Cmp.unit104]
    Cmp.kirmse.area: [Cmp.kirmse,Cmp.unit104]
    Cmp.ni.company: [Cmp.ni,Cmp.kirmse,Cmp.unit104]
    Pl.atlanta-ga.office: [Pl.atlanta-ga,Cmp.ni]
    Pl.ny-ny.office: [Pl.ny-ny,Cmp.kirmse]


Cmp.unit104
  pars
    Cmp.kirmse.unit
  pths
    Cmp.kirmse.area: [Cmp.kirmse]
    Cmp.ni.company: [Cmp.ni,Cmp.kirmse]
    Pl.atlanta-ga.office: [Pl.atlanta-ga,Cmp.ni]
    Pl.ny-ny.office: [Pl.ny-ny,Cmp.kirmse]
  Children
    Cmp.troop1031


__________________________________________________
Prs|slug:owner|fNam:John|lNam:Doe
__________________________________________________

__________________________________________________
Cmp|slug:company|cNam:Company
__________________________________________________

__________________________________________________
Cmp|slug:dept|cNam:Department
__________________________________________________

__________________________________________________
Prs|slug:manager|fNam:Bill|lNam:Smith
__________________________________________________

__________________________________________________
Prs|slug:employee|fNam:Tommy|lNam:Milton
__________________________________________________

__________________________________________________
Pl|slug:atlanta-ga|city:Atlanta
__________________________________________________

__________________________________________________
Pl|slug:ny-ny|city:New York
__________________________________________________

__________________________________________________
add|Cmp.company|Prs.owner|company-owner
__________________________________________________

__________________________________________________
add|Cmp.dept|Cmp.company|dept-company
__________________________________________________

__________________________________________________
add|Prs.manager|Cmp.dept|manager-dept
__________________________________________________

__________________________________________________
add|Prs.employee|Prs.manager|employee-manager
__________________________________________________

__________________________________________________
cnts
__________________________________________________
Prs.owner.44, Doe, John, lNam:Doe|fNam:John
Cmp.company.46, Company, cNam:Company
Cmp.dept.48, Department, cNam:Department
Prs.manager.50, Smith, Bill, fNam:Bill|lNam:Smith
Prs.employee.52, Milton, Tommy, fNam:Tommy|lNam:Milton

__________________________________________________
cnts:1|q:slug:owner
__________________________________________________

Prs.owner
  Children
    Cmp.company
      Cmp.dept
        Prs.manager
          Prs.employee


__________________________________________________
cnts:1|q:slug:company
__________________________________________________

Cmp.company
  pars
    Prs.owner.company
  pths
    Prs.owner.owner: [Prs.owner]
  Children
    Cmp.dept
      Prs.manager
        Prs.employee


__________________________________________________
cnts:1|q:slug:employee
__________________________________________________

Prs.employee
  pars
    Prs.manager.employee
  pths
    Prs.manager.manager: [Prs.manager]
    Cmp.dept.dept: [Cmp.dept,Prs.manager]
    Cmp.company.company: [Cmp.company,Cmp.dept,Prs.manager]
    Prs.owner.owner: [Prs.owner,Cmp.company,Cmp.dept,Prs.manager]


__________________________________________________
set|Cmp|q:slug:company|pars.0.trash:0
__________________________________________________

__________________________________________________
del|Cmp.company|Prs.owner|company-owner
__________________________________________________

__________________________________________________
cnts:1|q:slug:employee
__________________________________________________

__________________________________________________
Usr|slug:lwe|uNam:lwe|fNam:Larry|fNam2:Wayne|lNam:Stooge
__________________________________________________

__________________________________________________
Cmp|slug:ni|cNam:GSNI|typ:company
__________________________________________________

__________________________________________________
Cmp|slug:kirmse|cNam:Kirmse|typ:area
__________________________________________________

__________________________________________________
Cmp|slug:unit104|cNam:104|typ:unit
__________________________________________________

__________________________________________________
Cmp|slug:troop1031|cNam:1031|typ:troop
__________________________________________________

__________________________________________________
Pl|slug:atlanta-ga|city:Atlanta
__________________________________________________

__________________________________________________
Cmp|slug:ms|cNam:MS
__________________________________________________

__________________________________________________
push|Cmp.ms.tels|text:123 456 7890|typ:work
__________________________________________________

__________________________________________________
push|Cmp.ni.tels|text:123 456 7890|typ:work
__________________________________________________

__________________________________________________
push|Cmp.ni.emails|address:steve@apple.com|typ:work
__________________________________________________

__________________________________________________
set|Cmp|q:slug:ni,emails.address:steve@apple.com,emails.typ:work|emails.$.address:bill@ms.com|emails.$.typ:home
__________________________________________________

__________________________________________________
set|Cmp|q:slug:ni|cNam:New Name
__________________________________________________

__________________________________________________
add|Cmp.kirmse|Cmp.ni|area-company
__________________________________________________

__________________________________________________
add|Cmp.unit104|Cmp.kirmse|unit-area
__________________________________________________

__________________________________________________
add|Cmp.troop1031|Cmp.unit104|troop-unit
__________________________________________________

__________________________________________________
add|Cmp.ni|Pl.atlanta-ga|office
__________________________________________________

__________________________________________________
cnts|q:pars.cls:Cmp,pars.slug:kirmse
__________________________________________________

__________________________________________________
cnts|q:pths.cls:Cmp,pths.slug:kirmse
__________________________________________________

__________________________________________________
Usr|slug:lwe|uNam:lwe|fNam:Larry|fNam2:Wayne|lNam:Stooge
__________________________________________________

__________________________________________________
Cmp|slug:ni|cNam:GSNI|typ:company
__________________________________________________

__________________________________________________
Cmp|slug:kirmse|cNam:Kirmse|typ:area
__________________________________________________

__________________________________________________
Cmp|slug:unit104|cNam:104|typ:unit
__________________________________________________

__________________________________________________
Cmp|slug:troop1031|cNam:1031|typ:troop
__________________________________________________

__________________________________________________
Pl|slug:atlanta-ga|city:Atlanta
__________________________________________________

__________________________________________________
Cmp|slug:ms|cNam:MS
__________________________________________________

__________________________________________________
push|Cmp.ms.tels|text:123 456 7890|typ:work
__________________________________________________

__________________________________________________
push|Cmp.ni.tels|text:123 456 7890|typ:work
__________________________________________________

__________________________________________________
push|Cmp.ni.emails|address:steve@apple.com|typ:work
__________________________________________________

__________________________________________________
set|Cmp|q:slug:ni,emails.address:steve@apple.com,emails.typ:work|emails.$.address:bill@ms.com|emails.$.typ:home
__________________________________________________

__________________________________________________
set|Cmp|q:slug:ni|cNam:New Name
__________________________________________________

__________________________________________________
add|Cmp.kirmse|Cmp.ni|area-company
__________________________________________________

__________________________________________________
add|Cmp.unit104|Cmp.kirmse|unit-area
__________________________________________________

__________________________________________________
add|Cmp.troop1031|Cmp.unit104|troop-unit
__________________________________________________

__________________________________________________
add|Cmp.ni|Pl.atlanta-ga|office
__________________________________________________

__________________________________________________
cnts|q:_c:Usr|vflds:1
__________________________________________________

__________________________________________________
cnts|q:_c:Usr|fields:fNam,lNam,_id:0
__________________________________________________

__________________________________________________
cnts|q:_c:Cmp|sorts:cNam-1
__________________________________________________

__________________________________________________
cnts|skip:2|limit:2
__________________________________________________

__________________________________________________
cnts|q:emails.address:bill@ms.com|fields:cNam,emails,_id:0|sorts:cNam-1|vflds:1|skip:0|limit:1
__________________________________________________

__________________________________________________
Usr|slug:lwe|uNam:lwe|fNam:Larry|fNam2:Wayne|lNam:Stooge
__________________________________________________

__________________________________________________
Cmp|slug:ni|cNam:GSNI|typ:company
__________________________________________________

__________________________________________________
Cmp|slug:kirmse|cNam:Kirmse|typ:area
__________________________________________________

__________________________________________________
Cmp|slug:unit104|cNam:104|typ:unit
__________________________________________________

__________________________________________________
Cmp|slug:troop1031|cNam:1031|typ:troop
__________________________________________________

__________________________________________________
Pl|slug:atlanta-ga|city:Atlanta
__________________________________________________

__________________________________________________
Cmp|slug:ms|cNam:MS
__________________________________________________

__________________________________________________
push|Cmp.ms.tels|text:123 456 7890|typ:work
__________________________________________________

__________________________________________________
push|Cmp.ni.tels|text:123 456 7890|typ:work
__________________________________________________

__________________________________________________
push|Cmp.ni.emails|address:steve@apple.com|typ:work
__________________________________________________

__________________________________________________
set|Cmp|q:slug:ni,emails.address:steve@apple.com,emails.typ:work|emails.$.address:bill@ms.com|emails.$.typ:home
__________________________________________________

__________________________________________________
set|Cmp|q:slug:ni|cNam:New Name
__________________________________________________

__________________________________________________
add|Cmp.kirmse|Cmp.ni|area-company
__________________________________________________

__________________________________________________
add|Cmp.unit104|Cmp.kirmse|unit-area
__________________________________________________

__________________________________________________
add|Cmp.troop1031|Cmp.unit104|troop-unit
__________________________________________________

__________________________________________________
add|Cmp.ni|Pl.atlanta-ga|office
__________________________________________________

__________________________________________________
cnts:1|q:_c:Usr|vflds:1
__________________________________________________

__________________________________________________
Usr|slug:lwe|uNam:lwe|fNam:Larry|fNam2:Wayne|lNam:Stooge
__________________________________________________

__________________________________________________
Cmp|slug:ni|cNam:GSNI|typ:company
__________________________________________________

__________________________________________________
Cmp|slug:kirmse|cNam:Kirmse|typ:area
__________________________________________________

__________________________________________________
Cmp|slug:unit104|cNam:104|typ:unit
__________________________________________________

__________________________________________________
Cmp|slug:troop1031|cNam:1031|typ:troop
__________________________________________________

__________________________________________________
Pl|slug:atlanta-ga|city:Atlanta
__________________________________________________

__________________________________________________
Cmp|slug:ms|cNam:MS
__________________________________________________

__________________________________________________
push|Cmp.ms.tels|text:123 456 7890|typ:work
__________________________________________________

__________________________________________________
push|Cmp.ni.tels|text:123 456 7890|typ:work
__________________________________________________

__________________________________________________
push|Cmp.ni.emails|address:steve@apple.com|typ:work
__________________________________________________

__________________________________________________
set|Cmp|q:slug:ni,emails.address:steve@apple.com,emails.typ:work|emails.$.address:bill@ms.com|emails.$.typ:home
__________________________________________________

__________________________________________________
set|Cmp|q:slug:ni|cNam:New Name
__________________________________________________

__________________________________________________
add|Cmp.kirmse|Cmp.ni|area-company
__________________________________________________

__________________________________________________
add|Cmp.unit104|Cmp.kirmse|unit-area
__________________________________________________

__________________________________________________
add|Cmp.troop1031|Cmp.unit104|troop-unit
__________________________________________________

__________________________________________________
add|Cmp.ni|Pl.atlanta-ga|office
__________________________________________________

__________________________________________________
cnts|q:pars.cls:Cmp,pars.slug:kirmse
__________________________________________________

__________________________________________________
cnts|q:pths.cls:Cmp,pths.slug:kirmse
__________________________________________________

__________________________________________________
Cmp|slug:ni|cNam:GSNI|typ:company
__________________________________________________

__________________________________________________
Cmp|slug:kirmse|cNam:Kirmse|typ:area
__________________________________________________

__________________________________________________
Cmp|slug:unit104|cNam:104|typ:unit
__________________________________________________

__________________________________________________
Cmp|slug:troop1031|cNam:1031|typ:troop
__________________________________________________

__________________________________________________
Pl|slug:atlanta-ga|city:Atlanta
__________________________________________________

__________________________________________________
Pl|slug:ny-ny|city:New York
__________________________________________________

__________________________________________________
Cmp|slug:ms|cNam:MS
__________________________________________________

__________________________________________________
push|Cmp.ms.tels|text:123 456 7890|typ:work
__________________________________________________

__________________________________________________
push|Cmp.ni.tels|text:123 456 7890|typ:work
__________________________________________________

__________________________________________________
push|Cmp.ni.emails|address:steve@apple.com|typ:work
__________________________________________________

__________________________________________________
set|Cmp|q:slug:ni,emails.address:steve@apple.com,emails.typ:work|emails.$.address:bill@ms.com|emails.$.typ:home
__________________________________________________

__________________________________________________
add|Cmp.kirmse|Cmp.ni|area-company
__________________________________________________

Cmp.kirmse
  pars
    Cmp.ni.area
  pths
    Cmp.ni.company: [Cmp.ni]


Cmp.kirmse
  pars
    Cmp.ni.area
  pths
    Cmp.ni.company: [Cmp.ni]


__________________________________________________
add|Cmp.unit104|Cmp.kirmse|unit-area
__________________________________________________

Cmp.unit104
  pars
    Cmp.kirmse.unit
  pths
    Cmp.kirmse.area: [Cmp.kirmse]
    Cmp.ni.company: [Cmp.ni,Cmp.kirmse]


__________________________________________________
add|Cmp.troop1031|Cmp.unit104|troop-unit
__________________________________________________

Cmp.troop1031
  pars
    Cmp.unit104.troop
  pths
    Cmp.unit104.unit: [Cmp.unit104]
    Cmp.kirmse.area: [Cmp.kirmse,Cmp.unit104]
    Cmp.ni.company: [Cmp.ni,Cmp.kirmse,Cmp.unit104]


__________________________________________________
add|Cmp.ni|Pl.atlanta-ga|office
__________________________________________________

Cmp.ni
  pars
    Pl.atlanta-ga.office
  pths
    Pl.atlanta-ga.office: [Pl.atlanta-ga]
  Children
    Cmp.kirmse
      Cmp.unit104
        Cmp.troop1031



Cmp.ni referenced in pths

Cmp.troop1031
  pars
    Cmp.unit104.troop
  pths
    Cmp.unit104.unit: [Cmp.unit104]
    Cmp.kirmse.area: [Cmp.kirmse,Cmp.unit104]
    Cmp.ni.company: [Cmp.ni,Cmp.kirmse,Cmp.unit104]
    Pl.atlanta-ga.office: [Pl.atlanta-ga,Cmp.ni]


Cmp.kirmse
  pars
    Cmp.ni.area
  pths
    Cmp.ni.company: [Cmp.ni]
    Pl.atlanta-ga.office: [Pl.atlanta-ga,Cmp.ni]
  Children
    Cmp.unit104
      Cmp.troop1031


Cmp.unit104
  pars
    Cmp.kirmse.unit
  pths
    Cmp.kirmse.area: [Cmp.kirmse]
    Cmp.ni.company: [Cmp.ni,Cmp.kirmse]
    Pl.atlanta-ga.office: [Pl.atlanta-ga,Cmp.ni]
  Children
    Cmp.troop1031


__________________________________________________
add|Cmp.kirmse|Pl.ny-ny|office
__________________________________________________

Cmp.kirmse
  pars
    Cmp.ni.area
    Pl.ny-ny.office
  pths
    Cmp.ni.company: [Cmp.ni]
    Pl.atlanta-ga.office: [Pl.atlanta-ga,Cmp.ni]
    Pl.ny-ny.office: [Pl.ny-ny]
  Children
    Cmp.unit104
      Cmp.troop1031



Cmp.kirmse referenced in pths

Cmp.troop1031
  pars
    Cmp.unit104.troop
  pths
    Cmp.unit104.unit: [Cmp.unit104]
    Cmp.kirmse.area: [Cmp.kirmse,Cmp.unit104]
    Cmp.ni.company: [Cmp.ni,Cmp.kirmse,Cmp.unit104]
    Pl.atlanta-ga.office: [Pl.atlanta-ga,Cmp.ni]
    Pl.ny-ny.office: [Pl.ny-ny,Cmp.kirmse]


Cmp.unit104
  pars
    Cmp.kirmse.unit
  pths
    Cmp.kirmse.area: [Cmp.kirmse]
    Cmp.ni.company: [Cmp.ni,Cmp.kirmse]
    Pl.atlanta-ga.office: [Pl.atlanta-ga,Cmp.ni]
    Pl.ny-ny.office: [Pl.ny-ny,Cmp.kirmse]
  Children
    Cmp.troop1031


__________________________________________________
Prs|slug:owner|fNam:John|lNam:Doe
__________________________________________________

__________________________________________________
Cmp|slug:company|cNam:Company
__________________________________________________

__________________________________________________
Cmp|slug:dept|cNam:Department
__________________________________________________

__________________________________________________
Prs|slug:manager|fNam:Bill|lNam:Smith
__________________________________________________

__________________________________________________
Prs|slug:employee|fNam:Tommy|lNam:Milton
__________________________________________________

__________________________________________________
Pl|slug:atlanta-ga|city:Atlanta
__________________________________________________

__________________________________________________
Pl|slug:ny-ny|city:New York
__________________________________________________

__________________________________________________
add|Cmp.company|Prs.owner|company-owner
__________________________________________________

__________________________________________________
add|Cmp.dept|Cmp.company|dept-company
__________________________________________________

__________________________________________________
add|Prs.manager|Cmp.dept|manager-dept
__________________________________________________

__________________________________________________
add|Prs.employee|Prs.manager|employee-manager
__________________________________________________

__________________________________________________
cnts
__________________________________________________
Prs.owner.44, Doe, John, lNam:Doe|fNam:John
Cmp.company.46, Company, cNam:Company
Cmp.dept.48, Department, cNam:Department
Prs.manager.50, Smith, Bill, fNam:Bill|lNam:Smith
Prs.employee.52, Milton, Tommy, fNam:Tommy|lNam:Milton

__________________________________________________
cnts:1|q:slug:owner
__________________________________________________

Prs.owner
  Children
    Cmp.company
      Cmp.dept
        Prs.manager
          Prs.employee


__________________________________________________
cnts:1|q:slug:company
__________________________________________________

Cmp.company
  pars
    Prs.owner.company
  pths
    Prs.owner.owner: [Prs.owner]
  Children
    Cmp.dept
      Prs.manager
        Prs.employee


__________________________________________________
cnts:1|q:slug:employee
__________________________________________________

Prs.employee
  pars
    Prs.manager.employee
  pths
    Prs.manager.manager: [Prs.manager]
    Cmp.dept.dept: [Cmp.dept,Prs.manager]
    Cmp.company.company: [Cmp.company,Cmp.dept,Prs.manager]
    Prs.owner.owner: [Prs.owner,Cmp.company,Cmp.dept,Prs.manager]


__________________________________________________
set|Cmp|q:slug:company|pars.0.trash:0
__________________________________________________

__________________________________________________
del|Cmp.company|Prs.owner|company-owner
__________________________________________________

__________________________________________________
cnts:1|q:slug:employee
__________________________________________________

__________________________________________________
Usr|slug:lwe|uNam:lwe|fNam:Larry|fNam2:Wayne|lNam:Stooge
__________________________________________________

__________________________________________________
Cmp|slug:ni|cNam:GSNI|typ:company
__________________________________________________

__________________________________________________
Cmp|slug:kirmse|cNam:Kirmse|typ:area
__________________________________________________

__________________________________________________
Cmp|slug:unit104|cNam:104|typ:unit
__________________________________________________

__________________________________________________
Cmp|slug:troop1031|cNam:1031|typ:troop
__________________________________________________

__________________________________________________
Pl|slug:atlanta-ga|city:Atlanta
__________________________________________________

__________________________________________________
Cmp|slug:ms|cNam:MS
__________________________________________________

__________________________________________________
push|Cmp.ms.tels|text:123 456 7890|typ:work
__________________________________________________

__________________________________________________
push|Cmp.ni.tels|text:123 456 7890|typ:work
__________________________________________________

__________________________________________________
push|Cmp.ni.emails|address:steve@apple.com|typ:work
__________________________________________________

__________________________________________________
set|Cmp|q:slug:ni,emails.address:steve@apple.com,emails.typ:work|emails.$.address:bill@ms.com|emails.$.typ:home
__________________________________________________

__________________________________________________
set|Cmp|q:slug:ni|cNam:New Name
__________________________________________________

__________________________________________________
add|Cmp.kirmse|Cmp.ni|area-company
__________________________________________________

__________________________________________________
add|Cmp.unit104|Cmp.kirmse|unit-area
__________________________________________________

__________________________________________________
add|Cmp.troop1031|Cmp.unit104|troop-unit
__________________________________________________

__________________________________________________
add|Cmp.ni|Pl.atlanta-ga|office
__________________________________________________

__________________________________________________
cnts|q:_c:Usr|vflds:1
__________________________________________________

__________________________________________________
cnts|q:_c:Usr|fields:fNam,lNam,_id:0
__________________________________________________

__________________________________________________
cnts|q:_c:Cmp|sorts:cNam-1
__________________________________________________

__________________________________________________
cnts|skip:2|limit:2
__________________________________________________

__________________________________________________
cnts|q:emails.address:bill@ms.com|fields:cNam,emails,_id:0|sorts:cNam-1|vflds:1|skip:0|limit:1
__________________________________________________

__________________________________________________
Usr|slug:lwe|uNam:lwe|fNam:Larry|fNam2:Wayne|lNam:Stooge
__________________________________________________

__________________________________________________
Cmp|slug:ni|cNam:GSNI|typ:company
__________________________________________________

__________________________________________________
Cmp|slug:kirmse|cNam:Kirmse|typ:area
__________________________________________________

__________________________________________________
Cmp|slug:unit104|cNam:104|typ:unit
__________________________________________________

__________________________________________________
Cmp|slug:troop1031|cNam:1031|typ:troop
__________________________________________________

__________________________________________________
Pl|slug:atlanta-ga|city:Atlanta
__________________________________________________

__________________________________________________
Cmp|slug:ms|cNam:MS
__________________________________________________

__________________________________________________
push|Cmp.ms.tels|text:123 456 7890|typ:work
__________________________________________________

__________________________________________________
push|Cmp.ni.tels|text:123 456 7890|typ:work
__________________________________________________

__________________________________________________
push|Cmp.ni.emails|address:steve@apple.com|typ:work
__________________________________________________

__________________________________________________
set|Cmp|q:slug:ni,emails.address:steve@apple.com,emails.typ:work|emails.$.address:bill@ms.com|emails.$.typ:home
__________________________________________________

__________________________________________________
set|Cmp|q:slug:ni|cNam:New Name
__________________________________________________

__________________________________________________
add|Cmp.kirmse|Cmp.ni|area-company
__________________________________________________

__________________________________________________
add|Cmp.unit104|Cmp.kirmse|unit-area
__________________________________________________

__________________________________________________
add|Cmp.troop1031|Cmp.unit104|troop-unit
__________________________________________________

__________________________________________________
add|Cmp.ni|Pl.atlanta-ga|office
__________________________________________________

__________________________________________________
cnts:1|q:_c:Usr|vflds:1
__________________________________________________

__________________________________________________
Usr|slug:lwe|uNam:lwe|fNam:Larry|fNam2:Wayne|lNam:Stooge
__________________________________________________

__________________________________________________
Cmp|slug:ni|cNam:GSNI|typ:company
__________________________________________________

__________________________________________________
Cmp|slug:kirmse|cNam:Kirmse|typ:area
__________________________________________________

__________________________________________________
Cmp|slug:unit104|cNam:104|typ:unit
__________________________________________________

__________________________________________________
Cmp|slug:troop1031|cNam:1031|typ:troop
__________________________________________________

__________________________________________________
Pl|slug:atlanta-ga|city:Atlanta
__________________________________________________

__________________________________________________
Cmp|slug:ms|cNam:MS
__________________________________________________

__________________________________________________
push|Cmp.ms.tels|text:123 456 7890|typ:work
__________________________________________________

__________________________________________________
push|Cmp.ni.tels|text:123 456 7890|typ:work
__________________________________________________

__________________________________________________
push|Cmp.ni.emails|address:steve@apple.com|typ:work
__________________________________________________

__________________________________________________
set|Cmp|q:slug:ni,emails.address:steve@apple.com,emails.typ:work|emails.$.address:bill@ms.com|emails.$.typ:home
__________________________________________________

__________________________________________________
set|Cmp|q:slug:ni|cNam:New Name
__________________________________________________

__________________________________________________
add|Cmp.kirmse|Cmp.ni|area-company
__________________________________________________

__________________________________________________
add|Cmp.unit104|Cmp.kirmse|unit-area
__________________________________________________

__________________________________________________
add|Cmp.troop1031|Cmp.unit104|troop-unit
__________________________________________________

__________________________________________________
add|Cmp.ni|Pl.atlanta-ga|office
__________________________________________________

__________________________________________________
cnts|q:pars.cls:Cmp,pars.slug:kirmse
__________________________________________________

__________________________________________________
cnts|q:pths.cls:Cmp,pths.slug:kirmse
__________________________________________________

__________________________________________________
Usr|slug:lwe|uNam:lwe|fNam:Larry|fNam2:Wayne|lNam:Stooge
__________________________________________________

__________________________________________________
Cmp|slug:ni|cNam:GSNI|typ:company
__________________________________________________

__________________________________________________
Cmp|slug:kirmse|cNam:Kirmse|typ:area
__________________________________________________

__________________________________________________
Cmp|slug:unit104|cNam:104|typ:unit
__________________________________________________

__________________________________________________
Cmp|slug:troop1031|cNam:1031|typ:troop
__________________________________________________

__________________________________________________
Pl|slug:atlanta-ga|city:Atlanta
__________________________________________________

__________________________________________________
Cmp|slug:ms|cNam:MS
__________________________________________________

__________________________________________________
push|Cmp.ms.tels|text:123 456 7890|typ:work
__________________________________________________

__________________________________________________
push|Cmp.ni.tels|text:123 456 7890|typ:work
__________________________________________________

__________________________________________________
push|Cmp.ni.emails|address:steve@apple.com|typ:work
__________________________________________________

__________________________________________________
set|Cmp|q:slug:ni,emails.address:steve@apple.com,emails.typ:work|emails.$.address:bill@ms.com|emails.$.typ:home
__________________________________________________

__________________________________________________
set|Cmp|q:slug:ni|cNam:New Name
__________________________________________________

__________________________________________________
add|Cmp.kirmse|Cmp.ni|area-company
__________________________________________________

__________________________________________________
add|Cmp.unit104|Cmp.kirmse|unit-area
__________________________________________________

__________________________________________________
add|Cmp.troop1031|Cmp.unit104|troop-unit
__________________________________________________

__________________________________________________
add|Cmp.ni|Pl.atlanta-ga|office
__________________________________________________

__________________________________________________
cnts|q:_c:Usr|vflds:1
__________________________________________________

__________________________________________________
cnts|q:_c:Usr|fields:fNam,lNam,_id:0
__________________________________________________

__________________________________________________
cnts|q:_c:Cmp|sorts:cNam-1
__________________________________________________

__________________________________________________
cnts|skip:2|limit:2
__________________________________________________

__________________________________________________
cnts|q:emails.address:bill@ms.com|fields:cNam,emails,_id:0|sorts:cNam-1|vflds:1|skip:0|limit:1
__________________________________________________

__________________________________________________
Usr|slug:lwe|uNam:lwe|fNam:Larry|fNam2:Wayne|lNam:Stooge
__________________________________________________

__________________________________________________
Cmp|slug:ni|cNam:GSNI|typ:company
__________________________________________________

__________________________________________________
Cmp|slug:kirmse|cNam:Kirmse|typ:area
__________________________________________________

__________________________________________________
Cmp|slug:unit104|cNam:104|typ:unit
__________________________________________________

__________________________________________________
Cmp|slug:troop1031|cNam:1031|typ:troop
__________________________________________________

__________________________________________________
Pl|slug:atlanta-ga|city:Atlanta
__________________________________________________

__________________________________________________
Cmp|slug:ms|cNam:MS
__________________________________________________

__________________________________________________
push|Cmp.ms.tels|text:123 456 7890|typ:work
__________________________________________________

__________________________________________________
push|Cmp.ni.tels|text:123 456 7890|typ:work
__________________________________________________

__________________________________________________
push|Cmp.ni.emails|address:steve@apple.com|typ:work
__________________________________________________

__________________________________________________
set|Cmp|q:slug:ni,emails.address:steve@apple.com,emails.typ:work|emails.$.address:bill@ms.com|emails.$.typ:home
__________________________________________________

__________________________________________________
set|Cmp|q:slug:ni|cNam:New Name
__________________________________________________

__________________________________________________
add|Cmp.kirmse|Cmp.ni|area-company
__________________________________________________

__________________________________________________
add|Cmp.unit104|Cmp.kirmse|unit-area
__________________________________________________

__________________________________________________
add|Cmp.troop1031|Cmp.unit104|troop-unit
__________________________________________________

__________________________________________________
add|Cmp.ni|Pl.atlanta-ga|office
__________________________________________________

__________________________________________________
cnts:1|q:_c:Usr|vflds:1
__________________________________________________

__________________________________________________
Usr|slug:lwe|uNam:lwe|fNam:Larry|fNam2:Wayne|lNam:Stooge
__________________________________________________

__________________________________________________
Cmp|slug:ni|cNam:GSNI|typ:company
__________________________________________________

__________________________________________________
Cmp|slug:kirmse|cNam:Kirmse|typ:area
__________________________________________________

__________________________________________________
Cmp|slug:unit104|cNam:104|typ:unit
__________________________________________________

__________________________________________________
Cmp|slug:troop1031|cNam:1031|typ:troop
__________________________________________________

__________________________________________________
Pl|slug:atlanta-ga|city:Atlanta
__________________________________________________

__________________________________________________
Cmp|slug:ms|cNam:MS
__________________________________________________

__________________________________________________
push|Cmp.ms.tels|text:123 456 7890|typ:work
__________________________________________________

__________________________________________________
push|Cmp.ni.tels|text:123 456 7890|typ:work
__________________________________________________

__________________________________________________
push|Cmp.ni.emails|address:steve@apple.com|typ:work
__________________________________________________

__________________________________________________
set|Cmp|q:slug:ni,emails.address:steve@apple.com,emails.typ:work|emails.$.address:bill@ms.com|emails.$.typ:home
__________________________________________________

__________________________________________________
set|Cmp|q:slug:ni|cNam:New Name
__________________________________________________

__________________________________________________
add|Cmp.kirmse|Cmp.ni|area-company
__________________________________________________

__________________________________________________
add|Cmp.unit104|Cmp.kirmse|unit-area
__________________________________________________

__________________________________________________
add|Cmp.troop1031|Cmp.unit104|troop-unit
__________________________________________________

__________________________________________________
add|Cmp.ni|Pl.atlanta-ga|office
__________________________________________________

__________________________________________________
cnts|q:pars.cls:Cmp,pars.slug:kirmse
__________________________________________________

__________________________________________________
cnts|q:pths.cls:Cmp,pths.slug:kirmse
__________________________________________________

__________________________________________________
Cmp|slug:ni|cNam:GSNI|typ:company
__________________________________________________

__________________________________________________
Cmp|slug:kirmse|cNam:Kirmse|typ:area
__________________________________________________

__________________________________________________
Cmp|slug:unit104|cNam:104|typ:unit
__________________________________________________

__________________________________________________
Cmp|slug:troop1031|cNam:1031|typ:troop
__________________________________________________

__________________________________________________
Pl|slug:atlanta-ga|city:Atlanta
__________________________________________________

__________________________________________________
Pl|slug:ny-ny|city:New York
__________________________________________________

__________________________________________________
Cmp|slug:ms|cNam:MS
__________________________________________________

__________________________________________________
push|Cmp.ms.tels|text:123 456 7890|typ:work
__________________________________________________

__________________________________________________
push|Cmp.ni.tels|text:123 456 7890|typ:work
__________________________________________________

__________________________________________________
push|Cmp.ni.emails|address:steve@apple.com|typ:work
__________________________________________________

__________________________________________________
set|Cmp|q:slug:ni,emails.address:steve@apple.com,emails.typ:work|emails.$.address:bill@ms.com|emails.$.typ:home
__________________________________________________

__________________________________________________
add|Cmp.kirmse|Cmp.ni|area-company
__________________________________________________

Cmp.kirmse
  pars
    Cmp.ni.area
  pths
    Cmp.ni.company: [Cmp.ni]


Cmp.kirmse
  pars
    Cmp.ni.area
  pths
    Cmp.ni.company: [Cmp.ni]


__________________________________________________
add|Cmp.unit104|Cmp.kirmse|unit-area
__________________________________________________

Cmp.unit104
  pars
    Cmp.kirmse.unit
  pths
    Cmp.kirmse.area: [Cmp.kirmse]
    Cmp.ni.company: [Cmp.ni,Cmp.kirmse]


__________________________________________________
add|Cmp.troop1031|Cmp.unit104|troop-unit
__________________________________________________

Cmp.troop1031
  pars
    Cmp.unit104.troop
  pths
    Cmp.unit104.unit: [Cmp.unit104]
    Cmp.kirmse.area: [Cmp.kirmse,Cmp.unit104]
    Cmp.ni.company: [Cmp.ni,Cmp.kirmse,Cmp.unit104]


__________________________________________________
add|Cmp.ni|Pl.atlanta-ga|office
__________________________________________________

Cmp.ni
  pars
    Pl.atlanta-ga.office
  pths
    Pl.atlanta-ga.office: [Pl.atlanta-ga]
  Children
    Cmp.kirmse
      Cmp.unit104
        Cmp.troop1031



Cmp.ni referenced in pths

Cmp.troop1031
  pars
    Cmp.unit104.troop
  pths
    Cmp.unit104.unit: [Cmp.unit104]
    Cmp.kirmse.area: [Cmp.kirmse,Cmp.unit104]
    Cmp.ni.company: [Cmp.ni,Cmp.kirmse,Cmp.unit104]
    Pl.atlanta-ga.office: [Pl.atlanta-ga,Cmp.ni]


Cmp.kirmse
  pars
    Cmp.ni.area
  pths
    Cmp.ni.company: [Cmp.ni]
    Pl.atlanta-ga.office: [Pl.atlanta-ga,Cmp.ni]
  Children
    Cmp.unit104
      Cmp.troop1031


Cmp.unit104
  pars
    Cmp.kirmse.unit
  pths
    Cmp.kirmse.area: [Cmp.kirmse]
    Cmp.ni.company: [Cmp.ni,Cmp.kirmse]
    Pl.atlanta-ga.office: [Pl.atlanta-ga,Cmp.ni]
  Children
    Cmp.troop1031


__________________________________________________
add|Cmp.kirmse|Pl.ny-ny|office
__________________________________________________

Cmp.kirmse
  pars
    Cmp.ni.area
    Pl.ny-ny.office
  pths
    Cmp.ni.company: [Cmp.ni]
    Pl.atlanta-ga.office: [Pl.atlanta-ga,Cmp.ni]
    Pl.ny-ny.office: [Pl.ny-ny]
  Children
    Cmp.unit104
      Cmp.troop1031



Cmp.kirmse referenced in pths

Cmp.troop1031
  pars
    Cmp.unit104.troop
  pths
    Cmp.unit104.unit: [Cmp.unit104]
    Cmp.kirmse.area: [Cmp.kirmse,Cmp.unit104]
    Cmp.ni.company: [Cmp.ni,Cmp.kirmse,Cmp.unit104]
    Pl.atlanta-ga.office: [Pl.atlanta-ga,Cmp.ni]
    Pl.ny-ny.office: [Pl.ny-ny,Cmp.kirmse]


Cmp.unit104
  pars
    Cmp.kirmse.unit
  pths
    Cmp.kirmse.area: [Cmp.kirmse]
    Cmp.ni.company: [Cmp.ni,Cmp.kirmse]
    Pl.atlanta-ga.office: [Pl.atlanta-ga,Cmp.ni]
    Pl.ny-ny.office: [Pl.ny-ny,Cmp.kirmse]
  Children
    Cmp.troop1031


__________________________________________________
Prs|slug:owner|fNam:John|lNam:Doe
__________________________________________________

__________________________________________________
Cmp|slug:company|cNam:Company
__________________________________________________

__________________________________________________
Cmp|slug:dept|cNam:Department
__________________________________________________

__________________________________________________
Prs|slug:manager|fNam:Bill|lNam:Smith
__________________________________________________

__________________________________________________
Prs|slug:employee|fNam:Tommy|lNam:Milton
__________________________________________________

__________________________________________________
Pl|slug:atlanta-ga|city:Atlanta
__________________________________________________

__________________________________________________
Pl|slug:ny-ny|city:New York
__________________________________________________

__________________________________________________
add|Cmp.company|Prs.owner|company-owner
__________________________________________________

__________________________________________________
add|Cmp.dept|Cmp.company|dept-company
__________________________________________________

__________________________________________________
add|Prs.manager|Cmp.dept|manager-dept
__________________________________________________

__________________________________________________
add|Prs.employee|Prs.manager|employee-manager
__________________________________________________

__________________________________________________
cnts
__________________________________________________
Prs.owner.44, Doe, John, lNam:Doe|fNam:John
Cmp.company.46, Company, cNam:Company
Cmp.dept.48, Department, cNam:Department
Prs.manager.50, Smith, Bill, fNam:Bill|lNam:Smith
Prs.employee.52, Milton, Tommy, fNam:Tommy|lNam:Milton

__________________________________________________
cnts:1|q:slug:owner
__________________________________________________

Prs.owner
  Children
    Cmp.company
      Cmp.dept
        Prs.manager
          Prs.employee


__________________________________________________
cnts:1|q:slug:company
__________________________________________________

Cmp.company
  pars
    Prs.owner.company
  pths
    Prs.owner.owner: [Prs.owner]
  Children
    Cmp.dept
      Prs.manager
        Prs.employee


__________________________________________________
cnts:1|q:slug:employee
__________________________________________________

Prs.employee
  pars
    Prs.manager.employee
  pths
    Prs.manager.manager: [Prs.manager]
    Cmp.dept.dept: [Cmp.dept,Prs.manager]
    Cmp.company.company: [Cmp.company,Cmp.dept,Prs.manager]
    Prs.owner.owner: [Prs.owner,Cmp.company,Cmp.dept,Prs.manager]


__________________________________________________
set|Cmp|q:slug:company|pars.0.trash:0
__________________________________________________

__________________________________________________
del|Cmp.company|Prs.owner|company-owner
__________________________________________________

__________________________________________________
cnts:1|q:slug:employee
__________________________________________________

__________________________________________________
Usr|slug:lwe|uNam:lwe|fNam:Larry|fNam2:Wayne|lNam:Stooge
__________________________________________________

__________________________________________________
Cmp|slug:ni|cNam:GSNI|typ:company
__________________________________________________

__________________________________________________
Cmp|slug:kirmse|cNam:Kirmse|typ:area
__________________________________________________

__________________________________________________
Cmp|slug:unit104|cNam:104|typ:unit
__________________________________________________

__________________________________________________
Cmp|slug:troop1031|cNam:1031|typ:troop
__________________________________________________

__________________________________________________
Pl|slug:atlanta-ga|city:Atlanta
__________________________________________________

__________________________________________________
Cmp|slug:ms|cNam:MS
__________________________________________________

__________________________________________________
push|Cmp.ms.tels|text:123 456 7890|typ:work
__________________________________________________

__________________________________________________
push|Cmp.ni.tels|text:123 456 7890|typ:work
__________________________________________________

__________________________________________________
push|Cmp.ni.emails|address:steve@apple.com|typ:work
__________________________________________________

__________________________________________________
set|Cmp|q:slug:ni,emails.address:steve@apple.com,emails.typ:work|emails.$.address:bill@ms.com|emails.$.typ:home
__________________________________________________

__________________________________________________
set|Cmp|q:slug:ni|cNam:New Name
__________________________________________________

__________________________________________________
add|Cmp.kirmse|Cmp.ni|area-company
__________________________________________________

__________________________________________________
add|Cmp.unit104|Cmp.kirmse|unit-area
__________________________________________________

__________________________________________________
add|Cmp.troop1031|Cmp.unit104|troop-unit
__________________________________________________

__________________________________________________
add|Cmp.ni|Pl.atlanta-ga|office
__________________________________________________

__________________________________________________
cnts|q:pars.cls:Cmp,pars.slug:kirmse
__________________________________________________

__________________________________________________
cnts|q:pths.cls:Cmp,pths.slug:kirmse
__________________________________________________

__________________________________________________
Usr|slug:lwe|uNam:lwe|fNam:Larry|fNam2:Wayne|lNam:Stooge
__________________________________________________

__________________________________________________
Cmp|slug:ni|cNam:GSNI|typ:company
__________________________________________________

__________________________________________________
Cmp|slug:kirmse|cNam:Kirmse|typ:area
__________________________________________________

__________________________________________________
Cmp|slug:unit104|cNam:104|typ:unit
__________________________________________________

__________________________________________________
Cmp|slug:troop1031|cNam:1031|typ:troop
__________________________________________________

__________________________________________________
Pl|slug:atlanta-ga|city:Atlanta
__________________________________________________

__________________________________________________
Cmp|slug:ms|cNam:MS
__________________________________________________

__________________________________________________
push|Cmp.ms.tels|text:123 456 7890|typ:work
__________________________________________________

__________________________________________________
push|Cmp.ni.tels|text:123 456 7890|typ:work
__________________________________________________

__________________________________________________
push|Cmp.ni.emails|address:steve@apple.com|typ:work
__________________________________________________

__________________________________________________
set|Cmp|q:slug:ni,emails.address:steve@apple.com,emails.typ:work|emails.$.address:bill@ms.com|emails.$.typ:home
__________________________________________________

__________________________________________________
set|Cmp|q:slug:ni|cNam:New Name
__________________________________________________

__________________________________________________
add|Cmp.kirmse|Cmp.ni|area-company
__________________________________________________

__________________________________________________
add|Cmp.unit104|Cmp.kirmse|unit-area
__________________________________________________

__________________________________________________
add|Cmp.troop1031|Cmp.unit104|troop-unit
__________________________________________________

__________________________________________________
add|Cmp.ni|Pl.atlanta-ga|office
__________________________________________________

__________________________________________________
cnts|q:pars.cls:Cmp,pars.slug:kirmse
__________________________________________________

__________________________________________________
cnts|q:pths.cls:Cmp,pths.slug:kirmse
__________________________________________________

__________________________________________________
Usr|slug:lwe|uNam:lwe|fNam:Larry|fNam2:Wayne|lNam:Stooge
__________________________________________________

__________________________________________________
Cmp|slug:ni|cNam:GSNI|typ:company
__________________________________________________

__________________________________________________
Cmp|slug:kirmse|cNam:Kirmse|typ:area
__________________________________________________

__________________________________________________
Cmp|slug:unit104|cNam:104|typ:unit
__________________________________________________

__________________________________________________
Cmp|slug:troop1031|cNam:1031|typ:troop
__________________________________________________

__________________________________________________
Pl|slug:atlanta-ga|city:Atlanta
__________________________________________________

__________________________________________________
Cmp|slug:ms|cNam:MS
__________________________________________________

__________________________________________________
push|Cmp.ms.tels|text:123 456 7890|typ:work
__________________________________________________

__________________________________________________
push|Cmp.ni.tels|text:123 456 7890|typ:work
__________________________________________________

__________________________________________________
push|Cmp.ni.emails|address:steve@apple.com|typ:work
__________________________________________________

__________________________________________________
set|Cmp|q:slug:ni,emails.address:steve@apple.com,emails.typ:work|emails.$.address:bill@ms.com|emails.$.typ:home
__________________________________________________

__________________________________________________
set|Cmp|q:slug:ni|cNam:New Name
__________________________________________________

__________________________________________________
add|Cmp.kirmse|Cmp.ni|area-company
__________________________________________________

__________________________________________________
add|Cmp.unit104|Cmp.kirmse|unit-area
__________________________________________________

__________________________________________________
add|Cmp.troop1031|Cmp.unit104|troop-unit
__________________________________________________

__________________________________________________
add|Cmp.ni|Pl.atlanta-ga|office
__________________________________________________

__________________________________________________
cnts|q:_c:Usr|vflds:1
__________________________________________________

__________________________________________________
cnts|q:_c:Usr|fields:fNam,lNam,_id:0
__________________________________________________

__________________________________________________
cnts|q:_c:Cmp|sorts:cNam-1
__________________________________________________

__________________________________________________
cnts|skip:2|limit:2
__________________________________________________

__________________________________________________
cnts|q:emails.address:bill@ms.com|fields:cNam,emails,_id:0|sorts:cNam-1|vflds:1|skip:0|limit:1
__________________________________________________

__________________________________________________
Usr|slug:lwe|uNam:lwe|fNam:Larry|fNam2:Wayne|lNam:Stooge
__________________________________________________

__________________________________________________
Cmp|slug:ni|cNam:GSNI|typ:company
__________________________________________________

__________________________________________________
Cmp|slug:kirmse|cNam:Kirmse|typ:area
__________________________________________________

__________________________________________________
Cmp|slug:unit104|cNam:104|typ:unit
__________________________________________________

__________________________________________________
Cmp|slug:troop1031|cNam:1031|typ:troop
__________________________________________________

__________________________________________________
Pl|slug:atlanta-ga|city:Atlanta
__________________________________________________

__________________________________________________
Cmp|slug:ms|cNam:MS
__________________________________________________

__________________________________________________
push|Cmp.ms.tels|text:123 456 7890|typ:work
__________________________________________________

__________________________________________________
push|Cmp.ni.tels|text:123 456 7890|typ:work
__________________________________________________

__________________________________________________
push|Cmp.ni.emails|address:steve@apple.com|typ:work
__________________________________________________

__________________________________________________
set|Cmp|q:slug:ni,emails.address:steve@apple.com,emails.typ:work|emails.$.address:bill@ms.com|emails.$.typ:home
__________________________________________________

__________________________________________________
set|Cmp|q:slug:ni|cNam:New Name
__________________________________________________

__________________________________________________
add|Cmp.kirmse|Cmp.ni|area-company
__________________________________________________

__________________________________________________
add|Cmp.unit104|Cmp.kirmse|unit-area
__________________________________________________

__________________________________________________
add|Cmp.troop1031|Cmp.unit104|troop-unit
__________________________________________________

__________________________________________________
add|Cmp.ni|Pl.atlanta-ga|office
__________________________________________________

__________________________________________________
cnts:1|q:_c:Usr|vflds:1
__________________________________________________

__________________________________________________
Usr|slug:lwe|uNam:lwe|fNam:Larry|fNam2:Wayne|lNam:Stooge
__________________________________________________

__________________________________________________
Cmp|slug:ni|cNam:GSNI|typ:company
__________________________________________________

__________________________________________________
Cmp|slug:kirmse|cNam:Kirmse|typ:area
__________________________________________________

__________________________________________________
Cmp|slug:unit104|cNam:104|typ:unit
__________________________________________________

__________________________________________________
Cmp|slug:troop1031|cNam:1031|typ:troop
__________________________________________________

__________________________________________________
Pl|slug:atlanta-ga|city:Atlanta
__________________________________________________

__________________________________________________
Cmp|slug:ms|cNam:MS
__________________________________________________

__________________________________________________
push|Cmp.ms.tels|text:123 456 7890|typ:work
__________________________________________________

__________________________________________________
push|Cmp.ni.tels|text:123 456 7890|typ:work
__________________________________________________

__________________________________________________
push|Cmp.ni.emails|address:steve@apple.com|typ:work
__________________________________________________

__________________________________________________
set|Cmp|q:slug:ni,emails.address:steve@apple.com,emails.typ:work|emails.$.address:bill@ms.com|emails.$.typ:home
__________________________________________________

__________________________________________________
set|Cmp|q:slug:ni|cNam:New Name
__________________________________________________

__________________________________________________
add|Cmp.kirmse|Cmp.ni|area-company
__________________________________________________

__________________________________________________
add|Cmp.unit104|Cmp.kirmse|unit-area
__________________________________________________

__________________________________________________
add|Cmp.troop1031|Cmp.unit104|troop-unit
__________________________________________________

__________________________________________________
add|Cmp.ni|Pl.atlanta-ga|office
__________________________________________________

__________________________________________________
cnts|q:pars.cls:Cmp,pars.slug:kirmse
__________________________________________________

__________________________________________________
cnts|q:pths.cls:Cmp,pths.slug:kirmse
__________________________________________________

__________________________________________________
Cmp|slug:ni|cNam:GSNI|typ:company
__________________________________________________

__________________________________________________
Cmp|slug:kirmse|cNam:Kirmse|typ:area
__________________________________________________

__________________________________________________
Cmp|slug:unit104|cNam:104|typ:unit
__________________________________________________

__________________________________________________
Cmp|slug:troop1031|cNam:1031|typ:troop
__________________________________________________

__________________________________________________
Pl|slug:atlanta-ga|city:Atlanta
__________________________________________________

__________________________________________________
Pl|slug:ny-ny|city:New York
__________________________________________________

__________________________________________________
Cmp|slug:ms|cNam:MS
__________________________________________________

__________________________________________________
push|Cmp.ms.tels|text:123 456 7890|typ:work
__________________________________________________

__________________________________________________
push|Cmp.ni.tels|text:123 456 7890|typ:work
__________________________________________________

__________________________________________________
push|Cmp.ni.emails|address:steve@apple.com|typ:work
__________________________________________________

__________________________________________________
set|Cmp|q:slug:ni,emails.address:steve@apple.com,emails.typ:work|emails.$.address:bill@ms.com|emails.$.typ:home
__________________________________________________

__________________________________________________
add|Cmp.kirmse|Cmp.ni|area-company
__________________________________________________

Cmp.kirmse
  pars
    Cmp.ni.area
  pths
    Cmp.ni.company: [Cmp.ni]


Cmp.kirmse
  pars
    Cmp.ni.area
  pths
    Cmp.ni.company: [Cmp.ni]


__________________________________________________
add|Cmp.unit104|Cmp.kirmse|unit-area
__________________________________________________

Cmp.unit104
  pars
    Cmp.kirmse.unit
  pths
    Cmp.kirmse.area: [Cmp.kirmse]
    Cmp.ni.company: [Cmp.ni,Cmp.kirmse]


__________________________________________________
add|Cmp.troop1031|Cmp.unit104|troop-unit
__________________________________________________

Cmp.troop1031
  pars
    Cmp.unit104.troop
  pths
    Cmp.unit104.unit: [Cmp.unit104]
    Cmp.kirmse.area: [Cmp.kirmse,Cmp.unit104]
    Cmp.ni.company: [Cmp.ni,Cmp.kirmse,Cmp.unit104]


__________________________________________________
add|Cmp.ni|Pl.atlanta-ga|office
__________________________________________________

Cmp.ni
  pars
    Pl.atlanta-ga.office
  pths
    Pl.atlanta-ga.office: [Pl.atlanta-ga]
  Children
    Cmp.kirmse
      Cmp.unit104
        Cmp.troop1031



Cmp.ni referenced in pths

Cmp.troop1031
  pars
    Cmp.unit104.troop
  pths
    Cmp.unit104.unit: [Cmp.unit104]
    Cmp.kirmse.area: [Cmp.kirmse,Cmp.unit104]
    Cmp.ni.company: [Cmp.ni,Cmp.kirmse,Cmp.unit104]
    Pl.atlanta-ga.office: [Pl.atlanta-ga,Cmp.ni]


Cmp.kirmse
  pars
    Cmp.ni.area
  pths
    Cmp.ni.company: [Cmp.ni]
    Pl.atlanta-ga.office: [Pl.atlanta-ga,Cmp.ni]
  Children
    Cmp.unit104
      Cmp.troop1031


Cmp.unit104
  pars
    Cmp.kirmse.unit
  pths
    Cmp.kirmse.area: [Cmp.kirmse]
    Cmp.ni.company: [Cmp.ni,Cmp.kirmse]
    Pl.atlanta-ga.office: [Pl.atlanta-ga,Cmp.ni]
  Children
    Cmp.troop1031


__________________________________________________
add|Cmp.kirmse|Pl.ny-ny|office
__________________________________________________

Cmp.kirmse
  pars
    Cmp.ni.area
    Pl.ny-ny.office
  pths
    Cmp.ni.company: [Cmp.ni]
    Pl.atlanta-ga.office: [Pl.atlanta-ga,Cmp.ni]
    Pl.ny-ny.office: [Pl.ny-ny]
  Children
    Cmp.unit104
      Cmp.troop1031



Cmp.kirmse referenced in pths

Cmp.troop1031
  pars
    Cmp.unit104.troop
  pths
    Cmp.unit104.unit: [Cmp.unit104]
    Cmp.kirmse.area: [Cmp.kirmse,Cmp.unit104]
    Cmp.ni.company: [Cmp.ni,Cmp.kirmse,Cmp.unit104]
    Pl.atlanta-ga.office: [Pl.atlanta-ga,Cmp.ni]
    Pl.ny-ny.office: [Pl.ny-ny,Cmp.kirmse]


Cmp.unit104
  pars
    Cmp.kirmse.unit
  pths
    Cmp.kirmse.area: [Cmp.kirmse]
    Cmp.ni.company: [Cmp.ni,Cmp.kirmse]
    Pl.atlanta-ga.office: [Pl.atlanta-ga,Cmp.ni]
    Pl.ny-ny.office: [Pl.ny-ny,Cmp.kirmse]
  Children
    Cmp.troop1031


__________________________________________________
Prs|slug:owner|fNam:John|lNam:Doe
__________________________________________________

__________________________________________________
Cmp|slug:company|cNam:Company
__________________________________________________

__________________________________________________
Cmp|slug:dept|cNam:Department
__________________________________________________

__________________________________________________
Prs|slug:manager|fNam:Bill|lNam:Smith
__________________________________________________

__________________________________________________
Prs|slug:employee|fNam:Tommy|lNam:Milton
__________________________________________________

__________________________________________________
Pl|slug:atlanta-ga|city:Atlanta
__________________________________________________

__________________________________________________
Pl|slug:ny-ny|city:New York
__________________________________________________

__________________________________________________
add|Cmp.company|Prs.owner|company-owner
__________________________________________________

__________________________________________________
add|Cmp.dept|Cmp.company|dept-company
__________________________________________________

__________________________________________________
add|Prs.manager|Cmp.dept|manager-dept
__________________________________________________

__________________________________________________
add|Prs.employee|Prs.manager|employee-manager
__________________________________________________

__________________________________________________
cnts
__________________________________________________
Prs.owner.44, Doe, John, lNam:Doe|fNam:John
Cmp.company.46, Company, cNam:Company
Cmp.dept.48, Department, cNam:Department
Prs.manager.50, Smith, Bill, fNam:Bill|lNam:Smith
Prs.employee.52, Milton, Tommy, fNam:Tommy|lNam:Milton

__________________________________________________
cnts:1|q:slug:owner
__________________________________________________

Prs.owner
  Children
    Cmp.company
      Cmp.dept
        Prs.manager
          Prs.employee


__________________________________________________
cnts:1|q:slug:company
__________________________________________________

Cmp.company
  pars
    Prs.owner.company
  pths
    Prs.owner.owner: [Prs.owner]
  Children
    Cmp.dept
      Prs.manager
        Prs.employee


__________________________________________________
cnts:1|q:slug:employee
__________________________________________________

Prs.employee
  pars
    Prs.manager.employee
  pths
    Prs.manager.manager: [Prs.manager]
    Cmp.dept.dept: [Cmp.dept,Prs.manager]
    Cmp.company.company: [Cmp.company,Cmp.dept,Prs.manager]
    Prs.owner.owner: [Prs.owner,Cmp.company,Cmp.dept,Prs.manager]


__________________________________________________
set|Cmp|q:slug:company|pars.0.trash:0
__________________________________________________

__________________________________________________
del|Cmp.company|Prs.owner|company-owner
__________________________________________________

__________________________________________________
cnts:1|q:slug:employee
__________________________________________________
